Arguments: 
  C:\Program Files\nodejs\node.exe C:\Program Files (x86)\Yarn\bin\yarn.js lint

PATH: 
  C:\cmder\bin;C:\cmder\vendor\bin;C:\Program Files\PowerShell\7;C:\cmder\vendor\conemu-maximus5\ConEmu\Scripts;C:\cmder\vendor\conemu-maximus5;C:\cmder\vendor\conemu-maximus5\ConEmu;C:\ProgramData\DockerDesktop\version-bin;C:\Program Files\Docker\Docker\Resources\bin;C:\WINDOWS\system32;C:\WINDOWS;C:\WINDOWS\System32\Wbem;C:\WINDOWS\System32\WindowsPowerShell\v1.0\;C:\Program Files\Microsoft SQL Server\120\Tools\Binn\;C:\Program Files\Microsoft SQL Server\130\Tools\Binn\;C:\Program Files (x86)\Skype\Phone\;C:\Program Files (x86)\Bitvise SSH Client;C:\Program Files\dotnet\;C:\Program Files (x86)\Microsoft SQL Server\90\Tools\binn\;C:\WINDOWS\System32\OpenSSH\;C:\Program Files\Microsoft VS Code\bin;C:\Program Files\Liquid Technologies\Liquid Studio 2018\XmlDataBinder16\Redist16\cpp\win32\bin;C:\Program Files\Liquid Technologies\Liquid Studio 2018\XmlDataBinder16\Redist16\cpp\win64\bin;C:\Program Files\Microsoft SQL Server\Client SDK\ODBC\170\Tools\Binn\;C:\Program Files\Git\cmd;C:\Program Files (x86)\Yarn\bin\;C:\Program Files\nodejs\;C:\Program Files\PowerShell\7\;C:\Users\mstankovich\AppData\Local\Microsoft\WindowsApps;C:\Program Files (x86)\Microsoft SDKs\TypeScript\2.1;C:\Program Files\Microsoft VS Code\bin;C:\Users\mstankovich\AppData\Local\Programs\Fiddler;C:\Users\mstankovich\.dotnet\tools;C:\Users\mstankovich\AppData\Local\Microsoft\WindowsApps;C:\nuget;C:\Users\mstankovich\AppData\Local\Yarn\bin;C:\Users\mstankovich\AppData\Roaming\npm;;C:\Users\mstankovich\AppData\Local\Programs\Microsoft VS Code Insiders\bin;C:\cmder

Yarn version: 
  1.22.4

Node version: 
  10.16.1

Platform: 
  win32 x64

Trace: 
  SyntaxError: C:\Source\control_set\packages\control-set-common\package.json: Unexpected token } in JSON at position 829
      at JSON.parse (<anonymous>)
      at C:\Program Files (x86)\Yarn\lib\cli.js:1625:59
      at Generator.next (<anonymous>)
      at step (C:\Program Files (x86)\Yarn\lib\cli.js:310:30)
      at C:\Program Files (x86)\Yarn\lib\cli.js:321:13

npm manifest: 
  {
    "name": "@control-set/common",
    "description": "An Aurelia plugin project.",
    "version": "0.1.0",
    "repository": {
      "type": "???",
      "url": "???"
    },
    "license": "UNLICENSED",
    "scripts": {
      "prebuild": "rimraf dist/*",
      "clean": "rimraf dist/* coverage/*",
      "build:tsc": "tsc -b tsconfig.build.json",
      "build": "npm-run-all build:*",
      "prebuild-watch": "npm run clean",
      "build-watch": "npm-run-all --parallel \"build:* -- --watch\"",
      "pretest": "npm run clean",
      "test:watch": "yarn test -- --watch",
      "lint": "eslint src/**/*.ts",
      "test": "jest"
    },
    "engines": {
      "node": ">=8.9.0"
    },
    "main": "dist/index.js",
    "private": true,
    "files": [
      "dist",
      "src"
    ],
    "dependencies": {
      "@syncfusion/ej2-inputs": "^17.4.47",
      "aurelia-validation": "^1.6.0",
    },
    "devDependencies": {
      "@types/uuid": "^7.0.2",
      "eslint": "^6.8.0",
      "cpx": "^1.5.0",
      "html-loader-jest": "^0.2.1",
      "jest-trx-results-processor": "^2.0.0",
      "moment": "^2.24.0",
      "npm-run-all": "^4.1.5",
      "ts-jest": "^25.3.0"
    }
  }

yarn manifest: 
  No manifest

Lockfile: 
  No lockfile
